<?xml version="1.0" encoding="UTF-8"?>
<!-- Generated by org.testng.reporters.JUnitReportReporter -->
<testsuite hostname="SRB" failures="0" tests="3" name="houserental.AdminTest.DataProviderEx" time="0.042" errors="0" timestamp="2023-07-06T14:52:42 IST" skipped="0">
  <testcase classname="houserental.AdminTest.DataProviderEx" name="getBookDetails" time="0.026"/>
  <testcase classname="houserental.AdminTest.DataProviderEx" name="getBookDetails" time="0.007"/>
  <testcase classname="houserental.AdminTest.DataProviderEx" name="getBookDetails" time="0.009"/>
</testsuite> <!-- houserental.AdminTest.DataProviderEx -->
