<?xml version="1.0" encoding="UTF-8"?>
<!-- Generated by org.testng.reporters.JUnitReportReporter -->
<testsuite hostname="SRB" failures="0" tests="2" name="houserental.OtherTest.Demotng" time="0.039" errors="0" timestamp="2023-07-05T13:09:07 IST" skipped="0">
  <testcase classname="houserental.OtherTest.Demotng" name="display2" time="0.012"/>
  <testcase classname="houserental.OtherTest.Demotng" name="display1" time="0.027"/>
</testsuite> <!-- houserental.OtherTest.Demotng -->
