<?xml version="1.0" encoding="UTF-8"?>
<!-- Generated by org.testng.reporters.JUnitReportReporter -->
<testsuite hostname="SRB" failures="0" tests="1" name="houserental.AdminTest.AdminLoginTest" time="30.541" errors="0" timestamp="2023-07-11T10:19:41 IST" skipped="0">
  <testcase classname="houserental.AdminTest.AdminLoginTest" name="AdmnLgn" time="30.541"/>
</testsuite> <!-- houserental.AdminTest.AdminLoginTest -->
